<?xml version="1.0" encoding="UTF-8"?>
<coverage generated="1592944840323" clover="3.2.0">
  <project timestamp="1592944840323" name="All files">
    <metrics statements="13" coveredstatements="11" conditionals="19" coveredconditionals="16" methods="2" coveredmethods="2" elements="34" coveredelements="29" complexity="0" loc="13" ncloc="13" packages="1" files="1" classes="1"/>
    <file name="triangle.js" path="/Users/pearcy/epicode2/5week/triangle2/src/triangle.js">
      <metrics statements="13" coveredstatements="11" conditionals="19" coveredconditionals="16" methods="2" coveredmethods="2"/>
      <line num="2" count="5" type="stmt"/>
      <line num="3" count="5" type="stmt"/>
      <line num="4" count="5" type="stmt"/>
      <line num="5" count="5" type="stmt"/>
      <line num="8" count="1" type="stmt"/>
      <line num="9" count="4" type="cond" truecount="4" falsecount="1"/>
      <line num="10" count="0" type="stmt"/>
      <line num="11" count="4" type="cond" truecount="4" falsecount="1"/>
      <line num="12" count="0" type="stmt"/>
      <line num="13" count="4" type="cond" truecount="4" falsecount="0"/>
      <line num="14" count="2" type="stmt"/>
      <line num="15" count="2" type="cond" truecount="4" falsecount="1"/>
      <line num="16" count="2" type="stmt"/>
    </file>
  </project>
</coverage>
