{"/Users/pearcy/epicode2/5week/triangle2/src/triangle.js": {"path":"/Users/pearcy/epicode2/5week/triangle2/src/triangle.js","statementMap":{"0":{"start":{"line":2,"column":2},"end":{"line":2,"column":35}},"1":{"start":{"line":3,"column":2},"end":{"line":3,"column":21}},"2":{"start":{"line":4,"column":2},"end":{"line":4,"column":21}},"3":{"start":{"line":5,"column":2},"end":{"line":5,"column":21}},"4":{"start":{"line":8,"column":0},"end":{"line":18,"column":2}},"5":{"start":{"line":9,"column":2},"end":{"line":17,"column":3}},"6":{"start":{"line":10,"column":4},"end":{"line":10,"column":28}},"7":{"start":{"line":11,"column":9},"end":{"line":17,"column":3}},"8":{"start":{"line":12,"column":4},"end":{"line":12,"column":30}},"9":{"start":{"line":13,"column":10},"end":{"line":17,"column":3}},"10":{"start":{"line":14,"column":4},"end":{"line":14,"column":34}},"11":{"start":{"line":15,"column":9},"end":{"line":17,"column":3}},"12":{"start":{"line":16,"column":6},"end":{"line":16,"column":34}}},"fnMap":{"0":{"name":"Triangle","decl":{"start":{"line":1,"column":16},"end":{"line":1,"column":24}},"loc":{"start":{"line":1,"column":46},"end":{"line":6,"column":1}},"line":1},"1":{"name":"(anonymous_1)","decl":{"start":{"line":8,"column":31},"end":{"line":8,"column":32}},"loc":{"start":{"line":8,"column":42},"end":{"line":18,"column":1}},"line":8}},"branchMap":{"0":{"loc":{"start":{"line":9,"column":2},"end":{"line":17,"column":3}},"type":"if","locations":[{"start":{"line":9,"column":2},"end":{"line":17,"column":3}},{"start":{"line":9,"column":2},"end":{"line":17,"column":3}}],"line":9},"1":{"loc":{"start":{"line":9,"column":6},"end":{"line":9,"column":134}},"type":"binary-expr","locations":[{"start":{"line":9,"column":7},"end":{"line":9,"column":45}},{"start":{"line":9,"column":51},"end":{"line":9,"column":89}},{"start":{"line":9,"column":95},"end":{"line":9,"column":133}}],"line":9},"2":{"loc":{"start":{"line":11,"column":9},"end":{"line":17,"column":3}},"type":"if","locations":[{"start":{"line":11,"column":9},"end":{"line":17,"column":3}},{"start":{"line":11,"column":9},"end":{"line":17,"column":3}}],"line":11},"3":{"loc":{"start":{"line":11,"column":13},"end":{"line":11,"column":106}},"type":"binary-expr","locations":[{"start":{"line":11,"column":14},"end":{"line":11,"column":39}},{"start":{"line":11,"column":46},"end":{"line":11,"column":71}},{"start":{"line":11,"column":79},"end":{"line":11,"column":104}}],"line":11},"4":{"loc":{"start":{"line":13,"column":10},"end":{"line":17,"column":3}},"type":"if","locations":[{"start":{"line":13,"column":10},"end":{"line":17,"column":3}},{"start":{"line":13,"column":10},"end":{"line":17,"column":3}}],"line":13},"5":{"loc":{"start":{"line":13,"column":14},"end":{"line":13,"column":72}},"type":"binary-expr","locations":[{"start":{"line":13,"column":15},"end":{"line":13,"column":40}},{"start":{"line":13,"column":46},"end":{"line":13,"column":71}}],"line":13},"6":{"loc":{"start":{"line":15,"column":9},"end":{"line":17,"column":3}},"type":"if","locations":[{"start":{"line":15,"column":9},"end":{"line":17,"column":3}},{"start":{"line":15,"column":9},"end":{"line":17,"column":3}}],"line":15},"7":{"loc":{"start":{"line":15,"column":13},"end":{"line":15,"column":106}},"type":"binary-expr","locations":[{"start":{"line":15,"column":14},"end":{"line":15,"column":39}},{"start":{"line":15,"column":46},"end":{"line":15,"column":71}},{"start":{"line":15,"column":79},"end":{"line":15,"column":104}}],"line":15}},"s":{"0":5,"1":5,"2":5,"3":5,"4":1,"5":4,"6":0,"7":4,"8":0,"9":4,"10":2,"11":2,"12":2},"f":{"0":5,"1":4},"b":{"0":[0,4],"1":[4,4,4],"2":[0,4],"3":[4,2,2],"4":[2,2],"5":[4,2],"6":[2,0],"7":[2,2,2]},"_coverageSchema":"43e27e138ebf9cfc5966b082cf9a028302ed4184","hash":"fb70bc754d2a2274b321be06e798133db5a80916"}
}
