TN:
SF:/Users/pearcy/epicode2/5week/triangle2/src/triangle.js
FN:1,Triangle
FN:8,(anonymous_1)
FNF:2
FNH:2
FNDA:5,Triangle
FNDA:4,(anonymous_1)
DA:2,5
DA:3,5
DA:4,5
DA:5,5
DA:8,1
DA:9,4
DA:10,0
DA:11,4
DA:12,0
DA:13,4
DA:14,2
DA:15,2
DA:16,2
LF:13
LH:11
BRDA:9,0,0,0
BRDA:9,0,1,4
BRDA:9,1,0,4
BRDA:9,1,1,4
BRDA:9,1,2,4
BRDA:11,2,0,0
BRDA:11,2,1,4
BRDA:11,3,0,4
BRDA:11,3,1,2
BRDA:11,3,2,2
BRDA:13,4,0,2
BRDA:13,4,1,2
BRDA:13,5,0,4
BRDA:13,5,1,2
BRDA:15,6,0,2
BRDA:15,6,1,0
BRDA:15,7,0,2
BRDA:15,7,1,2
BRDA:15,7,2,2
BRF:19
BRH:16
end_of_record
